<?xml version="1.0" encoding="UTF-8"?>
<!-- Generated by org.testng.reporters.JUnitReportReporter -->
<testsuite skipped="0" hostname="MW-LT-069" name="com.mwp.abbmi.stepDefinitions.TestMIAIntegrationEndpoint" tests="18" failures="0" timestamp="16 Oct 2018 14:24:39 GMT" time="124.796" errors="0">
  <testcase name="all_Keyword_Reports" time="13.143" classname="com.mwp.abbmi.stepDefinitions.TestMIAIntegrationEndpoint"/>
  <testcase name="all_Download_Reports" time="5.641" classname="com.mwp.abbmi.stepDefinitions.TestMIAIntegrationEndpoint"/>
  <testcase name="country_getKeysForCountry" time="8.992" classname="com.mwp.abbmi.stepDefinitions.TestMIAIntegrationEndpoint"/>
  <testcase name="yearly_Keyword_Reports" time="9.836" classname="com.mwp.abbmi.stepDefinitions.TestMIAIntegrationEndpoint"/>
  <testcase name="all_Country_Reports" time="12.293" classname="com.mwp.abbmi.stepDefinitions.TestMIAIntegrationEndpoint"/>
  <testcase name="today_Country_Reports" time="5.208" classname="com.mwp.abbmi.stepDefinitions.TestMIAIntegrationEndpoint"/>
  <testcase name="monthly_Download_Reports" time="5.205" classname="com.mwp.abbmi.stepDefinitions.TestMIAIntegrationEndpoint"/>
  <testcase name="monthly_Keyword_Reports" time="6.266" classname="com.mwp.abbmi.stepDefinitions.TestMIAIntegrationEndpoint"/>
  <testcase name="country_getKeysForDownload" time="7.101" classname="com.mwp.abbmi.stepDefinitions.TestMIAIntegrationEndpoint"/>
  <testcase name="weekly_Keyword_Reports" time="5.524" classname="com.mwp.abbmi.stepDefinitions.TestMIAIntegrationEndpoint"/>
  <testcase name="today_Download_Reports" time="5.237" classname="com.mwp.abbmi.stepDefinitions.TestMIAIntegrationEndpoint"/>
  <testcase name="weekly_Country_Reports" time="5.659" classname="com.mwp.abbmi.stepDefinitions.TestMIAIntegrationEndpoint"/>
  <testcase name="today_Keyword_Reports" time="5.175" classname="com.mwp.abbmi.stepDefinitions.TestMIAIntegrationEndpoint"/>
  <testcase name="yearly_Country_Reports" time="6.419" classname="com.mwp.abbmi.stepDefinitions.TestMIAIntegrationEndpoint"/>
  <testcase name="weekly_Download_Reports" time="5.254" classname="com.mwp.abbmi.stepDefinitions.TestMIAIntegrationEndpoint"/>
  <testcase name="country_getKeysForKeyword" time="5.968" classname="com.mwp.abbmi.stepDefinitions.TestMIAIntegrationEndpoint"/>
  <testcase name="yearly_Download_Reports" time="5.525" classname="com.mwp.abbmi.stepDefinitions.TestMIAIntegrationEndpoint"/>
  <testcase name="monthly_Country_Reports" time="6.350" classname="com.mwp.abbmi.stepDefinitions.TestMIAIntegrationEndpoint"/>
</testsuite> <!-- com.mwp.abbmi.stepDefinitions.TestMIAIntegrationEndpoint -->
