<?xml version="1.0" encoding="UTF-8"?>
<!-- Generated by org.testng.reporters.JUnitReportReporter -->
<testsuite skipped="0" hostname="MW-LT-069" name="com.mwp.abbmi.stepDefinitions.TestDeltaEndpoint" tests="3" failures="0" timestamp="16 Oct 2018 14:24:39 GMT" time="21.253" errors="0">
  <testcase name="random_Date_Keyword_Reports" time="6.045" classname="com.mwp.abbmi.stepDefinitions.TestDeltaEndpoint"/>
  <testcase name="random_Date_Download_Reports" time="5.257" classname="com.mwp.abbmi.stepDefinitions.TestDeltaEndpoint"/>
  <testcase name="random_Date_Country_Reports" time="9.951" classname="com.mwp.abbmi.stepDefinitions.TestDeltaEndpoint"/>
</testsuite> <!-- com.mwp.abbmi.stepDefinitions.TestDeltaEndpoint -->
