<?xml version="1.0" encoding="UTF-8"?>
<!-- Generated by org.testng.reporters.JUnitReportReporter -->
<testsuite skipped="0" hostname="MW-LT-069" name="com.mwp.abbmi.runners.MainRunner" tests="1" failures="0" timestamp="28 Nov 2018 15:52:32 GMT" time="52.170" errors="0">
  <testcase name="feature" time="52.170" classname="com.mwp.abbmi.runners.MainRunner"/>
</testsuite> <!-- com.mwp.abbmi.runners.MainRunner -->
